2020-09-17 20:57:00,265 INFO [test_login.py-test_login:28] -后台管理登录:username:139999999999,pwd:123456,yzm:8888,exp:账号密码不正确!
2020-09-17 20:57:08,018 INFO [back_stage_login.py-__init__:11] -后台管理登录页面
2020-09-17 20:57:08,018 INFO [back_stage_login.py-login_page:21] -输入用户名:139999999999
2020-09-17 20:57:08,019 INFO [base.py-send_ele:56] -输入数据:139999999999
2020-09-17 20:57:08,019 INFO [base.py-search_ele:23] -操作元素:('name', 'username')
2020-09-17 20:57:08,101 INFO [back_stage_login.py-login_page:24] -输入密码:123456
2020-09-17 20:57:08,102 INFO [base.py-send_ele:56] -输入数据:123456
2020-09-17 20:57:08,102 INFO [base.py-search_ele:23] -操作元素:('name', 'password')
2020-09-17 20:57:08,165 INFO [back_stage_login.py-login_page:27] -输入验证码:8888
2020-09-17 20:57:08,165 INFO [base.py-send_ele:56] -输入数据:8888
2020-09-17 20:57:08,166 INFO [base.py-search_ele:23] -操作元素:('css selector', 'input.chick_ue')
2020-09-17 20:57:08,229 INFO [back_stage_login.py-login_page:30] -点击登录按钮
2020-09-17 20:57:08,229 INFO [base.py-click_ele:44] -执行点击操作
2020-09-17 20:57:08,229 INFO [base.py-search_ele:23] -操作元素:('css selector', 'input.sub')
2020-09-17 20:57:08,690 INFO [back_stage_login.py-__init__:11] -后台管理登录页面
2020-09-17 20:57:08,691 INFO [base.py-page_exits_text:70] -判断页面包含文本:账号密码不正确!
2020-09-17 20:57:08,691 INFO [base.py-search_ele:23] -操作元素:('xpath', "//*[contains(text(),'账号密码不正确!')]")
2020-09-17 20:57:08,694 INFO [base.py-page_exits_text:75] -页面存在元素:账号密码不正确!
2020-09-17 20:57:08,699 INFO [test_login.py-test_login:28] -后台管理登录:username:admin,pwd:1234567,yzm:8888,exp:账号密码不正确!
2020-09-17 20:57:08,699 INFO [back_stage_login.py-__init__:11] -后台管理登录页面
2020-09-17 20:57:08,699 INFO [back_stage_login.py-login_page:21] -输入用户名:admin
2020-09-17 20:57:08,699 INFO [base.py-send_ele:56] -输入数据:admin
2020-09-17 20:57:08,699 INFO [base.py-search_ele:23] -操作元素:('name', 'username')
2020-09-17 20:57:08,743 INFO [back_stage_login.py-login_page:24] -输入密码:1234567
2020-09-17 20:57:08,743 INFO [base.py-send_ele:56] -输入数据:1234567
2020-09-17 20:57:08,746 INFO [base.py-search_ele:23] -操作元素:('name', 'password')
2020-09-17 20:57:08,798 INFO [back_stage_login.py-login_page:27] -输入验证码:8888
2020-09-17 20:57:08,799 INFO [base.py-send_ele:56] -输入数据:8888
2020-09-17 20:57:08,800 INFO [base.py-search_ele:23] -操作元素:('css selector', 'input.chick_ue')
2020-09-17 20:57:08,844 INFO [back_stage_login.py-login_page:30] -点击登录按钮
2020-09-17 20:57:08,845 INFO [base.py-click_ele:44] -执行点击操作
2020-09-17 20:57:08,845 INFO [base.py-search_ele:23] -操作元素:('css selector', 'input.sub')
2020-09-17 20:57:09,189 INFO [back_stage_login.py-__init__:11] -后台管理登录页面
2020-09-17 20:57:09,190 INFO [base.py-page_exits_text:70] -判断页面包含文本:账号密码不正确!
2020-09-17 20:57:09,190 INFO [base.py-search_ele:23] -操作元素:('xpath', "//*[contains(text(),'账号密码不正确!')]")
2020-09-17 20:57:09,193 INFO [base.py-page_exits_text:75] -页面存在元素:账号密码不正确!
2020-09-17 20:57:09,200 INFO [test_login.py-test_login:28] -后台管理登录:username:admin,pwd:123456,yzm:8888,exp:系统
2020-09-17 20:57:09,200 INFO [back_stage_login.py-__init__:11] -后台管理登录页面
2020-09-17 20:57:09,200 INFO [back_stage_login.py-login_page:21] -输入用户名:admin
2020-09-17 20:57:09,200 INFO [base.py-send_ele:56] -输入数据:admin
2020-09-17 20:57:09,201 INFO [base.py-search_ele:23] -操作元素:('name', 'username')
2020-09-17 20:57:09,234 INFO [back_stage_login.py-login_page:24] -输入密码:123456
2020-09-17 20:57:09,234 INFO [base.py-send_ele:56] -输入数据:123456
2020-09-17 20:57:09,234 INFO [base.py-search_ele:23] -操作元素:('name', 'password')
2020-09-17 20:57:09,268 INFO [back_stage_login.py-login_page:27] -输入验证码:8888
2020-09-17 20:57:09,268 INFO [base.py-send_ele:56] -输入数据:8888
2020-09-17 20:57:09,269 INFO [base.py-search_ele:23] -操作元素:('css selector', 'input.chick_ue')
2020-09-17 20:57:09,318 INFO [back_stage_login.py-login_page:30] -点击登录按钮
2020-09-17 20:57:09,319 INFO [base.py-click_ele:44] -执行点击操作
2020-09-17 20:57:09,320 INFO [base.py-search_ele:23] -操作元素:('css selector', 'input.sub')
2020-09-17 20:57:11,141 INFO [back_stage_login.py-__init__:11] -后台管理登录页面
2020-09-17 20:57:11,141 INFO [base.py-page_exits_text:70] -判断页面包含文本:系统
2020-09-17 20:57:11,141 INFO [base.py-search_ele:23] -操作元素:('xpath', "//*[contains(text(),'系统')]")
2020-09-17 20:57:11,145 INFO [base.py-page_exits_text:75] -页面存在元素:系统
